# JRE version: Java(TM) SE Runtime Environment 18.9 (11.0.25+9) (build 11.0.25+9-LTS-256)
# Java VM: Java HotSpot(TM) 64-Bit Server VM 18.9 (11.0.25+9-LTS-256, mixed mode, tiered, compressed oops, g1 gc, windows-amd64)
Heap:
 garbage-first heap   total 258048K, used 168153K [0x0000000704800000, 0x0000000800000000)
  region size 1024K, 62 young (63488K), 1 survivors (1024K)
 Metaspace       used 22923K, capacity 23253K, committed 23552K, reserved 1071104K
  class space    used 2336K, capacity 2460K, committed 2560K, reserved 1048576K
GC Heap History (10 events):
Event: 2.659 GC heap before
{Heap before GC invocations=6 (full 0):
 garbage-first heap   total 258048K, used 167973K [0x0000000704800000, 0x0000000800000000)
  region size 1024K, 54 young (55296K), 1 survivors (1024K)
 Metaspace       used 20552K, capacity 20844K, committed 20992K, reserved 1069056K
  class space    used 2105K, capacity 2233K, committed 2304K, reserved 1048576K
}
Event: 2.660 GC heap after
{Heap after GC invocations=7 (full 0):
 garbage-first heap   total 258048K, used 76842K [0x0000000704800000, 0x0000000800000000)
  region size 1024K, 1 young (1024K), 1 survivors (1024K)
 Metaspace       used 20552K, capacity 20844K, committed 20992K, reserved 1069056K
  class space    used 2105K, capacity 2233K, committed 2304K, reserved 1048576K
}
Event: 2.852 GC heap before
{Heap before GC invocations=8 (full 0):
 garbage-first heap   total 258048K, used 167978K [0x0000000704800000, 0x0000000800000000)
  region size 1024K, 55 young (56320K), 1 survivors (1024K)
 Metaspace       used 20552K, capacity 20844K, committed 20992K, reserved 1069056K
  class space    used 2105K, capacity 2233K, committed 2304K, reserved 1048576K
}
Event: 2.852 GC heap after
{Heap after GC invocations=9 (full 0):
 garbage-first heap   total 258048K, used 85035K [0x0000000704800000, 0x0000000800000000)
  region size 1024K, 1 young (1024K), 1 survivors (1024K)
 Metaspace       used 20552K, capacity 20844K, committed 20992K, reserved 1069056K
  class space    used 2105K, capacity 2233K, committed 2304K, reserved 1048576K
}
Event: 2.989 GC heap before
{Heap before GC invocations=10 (full 0):
 garbage-first heap   total 258048K, used 154667K [0x0000000704800000, 0x0000000800000000)
  region size 1024K, 40 young (40960K), 1 survivors (1024K)
 Metaspace       used 20552K, capacity 20844K, committed 20992K, reserved 1069056K
  class space    used 2105K, capacity 2233K, committed 2304K, reserved 1048576K
}
Event: 2.990 GC heap after
{Heap after GC invocations=11 (full 0):
 garbage-first heap   total 258048K, used 93253K [0x0000000704800000, 0x0000000800000000)
  region size 1024K, 1 young (1024K), 1 survivors (1024K)
 Metaspace       used 20552K, capacity 20844K, committed 20992K, reserved 1069056K
  class space    used 2105K, capacity 2233K, committed 2304K, reserved 1048576K
}
Event: 3.097 GC heap before
{Heap before GC invocations=12 (full 0):
 garbage-first heap   total 258048K, used 137285K [0x0000000704800000, 0x0000000800000000)
  region size 1024K, 23 young (23552K), 1 survivors (1024K)
 Metaspace       used 20554K, capacity 20844K, committed 20992K, reserved 1069056K
  class space    used 2105K, capacity 2233K, committed 2304K, reserved 1048576K
}
Event: 3.098 GC heap after
{Heap after GC invocations=13 (full 0):
 garbage-first heap   total 258048K, used 89260K [0x0000000704800000, 0x0000000800000000)
  region size 1024K, 1 young (1024K), 1 survivors (1024K)
 Metaspace       used 20554K, capacity 20844K, committed 20992K, reserved 1069056K
  class space    used 2105K, capacity 2233K, committed 2304K, reserved 1048576K
}
Event: 3.273 GC heap before
{Heap before GC invocations=14 (full 0):
 garbage-first heap   total 258048K, used 152748K [0x0000000704800000, 0x0000000800000000)
  region size 1024K, 38 young (38912K), 1 survivors (1024K)
 Metaspace       used 20559K, capacity 20844K, committed 20992K, reserved 1069056K
  class space    used 2105K, capacity 2233K, committed 2304K, reserved 1048576K
}
Event: 3.274 GC heap after
{Heap after GC invocations=15 (full 0):
 garbage-first heap   total 258048K, used 97497K [0x0000000704800000, 0x0000000800000000)
  region size 1024K, 1 young (1024K), 1 survivors (1024K)
 Metaspace       used 20559K, capacity 20844K, committed 20992K, reserved 1069056K
  class space    used 2105K, capacity 2233K, committed 2304K, reserved 1048576K
}

