# JRE version: Java(TM) SE Runtime Environment 18.9 (11.0.25+9) (build 11.0.25+9-LTS-256)
# Java VM: Java HotSpot(TM) 64-Bit Server VM 18.9 (11.0.25+9-LTS-256, mixed mode, tiered, compressed oops, g1 gc, windows-amd64)
Heap:
 garbage-first heap   total 310272K, used 144447K [0x0000000704800000, 0x0000000800000000)
  region size 1024K, 8 young (8192K), 3 survivors (3072K)
 Metaspace       used 23363K, capacity 23734K, committed 24064K, reserved 1071104K
  class space    used 2301K, capacity 2450K, committed 2560K, reserved 1048576K
GC Heap History (10 events):
Event: 1.891 GC heap before
{Heap before GC invocations=14 (full 0):
 garbage-first heap   total 258048K, used 135096K [0x0000000704800000, 0x0000000800000000)
  region size 1024K, 21 young (21504K), 1 survivors (1024K)
 Metaspace       used 20020K, capacity 20275K, committed 20352K, reserved 1067008K
  class space    used 2041K, capacity 2169K, committed 2176K, reserved 1048576K
}
Event: 1.892 GC heap after
{Heap after GC invocations=15 (full 0):
 garbage-first heap   total 258048K, used 99263K [0x0000000704800000, 0x0000000800000000)
  region size 1024K, 1 young (1024K), 1 survivors (1024K)
 Metaspace       used 20020K, capacity 20275K, committed 20352K, reserved 1067008K
  class space    used 2041K, capacity 2169K, committed 2176K, reserved 1048576K
}
Event: 1.949 GC heap before
{Heap before GC invocations=16 (full 0):
 garbage-first heap   total 258048K, used 137151K [0x0000000704800000, 0x0000000800000000)
  region size 1024K, 23 young (23552K), 1 survivors (1024K)
 Metaspace       used 20022K, capacity 20275K, committed 20352K, reserved 1067008K
  class space    used 2041K, capacity 2169K, committed 2176K, reserved 1048576K
}
Event: 1.950 GC heap after
{Heap after GC invocations=17 (full 0):
 garbage-first heap   total 258048K, used 103423K [0x0000000704800000, 0x0000000800000000)
  region size 1024K, 1 young (1024K), 1 survivors (1024K)
 Metaspace       used 20022K, capacity 20275K, committed 20352K, reserved 1067008K
  class space    used 2041K, capacity 2169K, committed 2176K, reserved 1048576K
}
Event: 1.996 GC heap before
{Heap before GC invocations=18 (full 0):
 garbage-first heap   total 258048K, used 135167K [0x0000000704800000, 0x0000000800000000)
  region size 1024K, 21 young (21504K), 1 survivors (1024K)
 Metaspace       used 20022K, capacity 20275K, committed 20352K, reserved 1067008K
  class space    used 2041K, capacity 2169K, committed 2176K, reserved 1048576K
}
Event: 1.997 GC heap after
{Heap after GC invocations=19 (full 0):
 garbage-first heap   total 310272K, used 105503K [0x0000000704800000, 0x0000000800000000)
  region size 1024K, 1 young (1024K), 1 survivors (1024K)
 Metaspace       used 20022K, capacity 20275K, committed 20352K, reserved 1067008K
  class space    used 2041K, capacity 2169K, committed 2176K, reserved 1048576K
}
Event: 162.029 GC heap before
{Heap before GC invocations=20 (full 0):
 garbage-first heap   total 310272K, used 269343K [0x0000000704800000, 0x0000000800000000)
  region size 1024K, 132 young (135168K), 1 survivors (1024K)
 Metaspace       used 23357K, capacity 23734K, committed 24064K, reserved 1071104K
  class space    used 2301K, capacity 2450K, committed 2560K, reserved 1048576K
}
Event: 162.055 GC heap after
{Heap after GC invocations=21 (full 0):
 garbage-first heap   total 310272K, used 146024K [0x0000000704800000, 0x0000000800000000)
  region size 1024K, 17 young (17408K), 17 survivors (17408K)
 Metaspace       used 23357K, capacity 23734K, committed 24064K, reserved 1071104K
  class space    used 2301K, capacity 2450K, committed 2560K, reserved 1048576K
}
Event: 311.645 GC heap before
{Heap before GC invocations=21 (full 0):
 garbage-first heap   total 310272K, used 176744K [0x0000000704800000, 0x0000000800000000)
  region size 1024K, 40 young (40960K), 17 survivors (17408K)
 Metaspace       used 23361K, capacity 23734K, committed 24064K, reserved 1071104K
  class space    used 2301K, capacity 2450K, committed 2560K, reserved 1048576K
}
Event: 311.653 GC heap after
{Heap after GC invocations=22 (full 0):
 garbage-first heap   total 310272K, used 156735K [0x0000000704800000, 0x0000000800000000)
  region size 1024K, 3 young (3072K), 3 survivors (3072K)
 Metaspace       used 23361K, capacity 23734K, committed 24064K, reserved 1071104K
  class space    used 2301K, capacity 2450K, committed 2560K, reserved 1048576K
}

