# JRE version: Java(TM) SE Runtime Environment 18.9 (11.0.25+9) (build 11.0.25+9-LTS-256)
# Java VM: Java HotSpot(TM) 64-Bit Server VM 18.9 (11.0.25+9-LTS-256, mixed mode, tiered, compressed oops, g1 gc, windows-amd64)
Heap:
 garbage-first heap   total 258048K, used 113739K [0x0000000704800000, 0x0000000800000000)
  region size 1024K, 22 young (22528K), 8 survivors (8192K)
 Metaspace       used 22809K, capacity 23129K, committed 23296K, reserved 1071104K
  class space    used 2327K, capacity 2460K, committed 2560K, reserved 1048576K
GC Heap History (10 events):
Event: 1.845 GC heap before
{Heap before GC invocations=5 (full 0):
 garbage-first heap   total 258048K, used 174983K [0x0000000704800000, 0x0000000800000000)
  region size 1024K, 76 young (77824K), 1 survivors (1024K)
 Metaspace       used 18944K, capacity 19243K, committed 19584K, reserved 1067008K
  class space    used 1921K, capacity 2059K, committed 2176K, reserved 1048576K
}
Event: 1.846 GC heap after
{Heap after GC invocations=6 (full 0):
 garbage-first heap   total 258048K, used 69532K [0x0000000704800000, 0x0000000800000000)
  region size 1024K, 1 young (1024K), 1 survivors (1024K)
 Metaspace       used 18944K, capacity 19243K, committed 19584K, reserved 1067008K
  class space    used 1921K, capacity 2059K, committed 2176K, reserved 1048576K
}
Event: 2.117 GC heap before
{Heap before GC invocations=6 (full 0):
 garbage-first heap   total 258048K, used 194460K [0x0000000704800000, 0x0000000800000000)
  region size 1024K, 80 young (81920K), 1 survivors (1024K)
 Metaspace       used 18951K, capacity 19243K, committed 19584K, reserved 1067008K
  class space    used 1921K, capacity 2059K, committed 2176K, reserved 1048576K
}
Event: 2.118 GC heap after
{Heap after GC invocations=7 (full 0):
 garbage-first heap   total 258048K, used 76723K [0x0000000704800000, 0x0000000800000000)
  region size 1024K, 1 young (1024K), 1 survivors (1024K)
 Metaspace       used 18951K, capacity 19243K, committed 19584K, reserved 1067008K
  class space    used 1921K, capacity 2059K, committed 2176K, reserved 1048576K
}
Event: 2.301 GC heap before
{Heap before GC invocations=8 (full 0):
 garbage-first heap   total 258048K, used 170931K [0x0000000704800000, 0x0000000800000000)
  region size 1024K, 56 young (57344K), 1 survivors (1024K)
 Metaspace       used 18951K, capacity 19243K, committed 19584K, reserved 1067008K
  class space    used 1921K, capacity 2059K, committed 2176K, reserved 1048576K
}
Event: 2.303 GC heap after
{Heap after GC invocations=9 (full 0):
 garbage-first heap   total 258048K, used 80793K [0x0000000704800000, 0x0000000800000000)
  region size 1024K, 1 young (1024K), 1 survivors (1024K)
 Metaspace       used 18951K, capacity 19243K, committed 19584K, reserved 1067008K
  class space    used 1921K, capacity 2059K, committed 2176K, reserved 1048576K
}
Event: 2.447 GC heap before
{Heap before GC invocations=10 (full 0):
 garbage-first heap   total 258048K, used 155545K [0x0000000704800000, 0x0000000800000000)
  region size 1024K, 41 young (41984K), 1 survivors (1024K)
 Metaspace       used 18963K, capacity 19243K, committed 19584K, reserved 1067008K
  class space    used 1921K, capacity 2059K, committed 2176K, reserved 1048576K
}
Event: 2.449 GC heap after
{Heap after GC invocations=11 (full 0):
 garbage-first heap   total 258048K, used 91183K [0x0000000704800000, 0x0000000800000000)
  region size 1024K, 1 young (1024K), 1 survivors (1024K)
 Metaspace       used 18963K, capacity 19243K, committed 19584K, reserved 1067008K
  class space    used 1921K, capacity 2059K, committed 2176K, reserved 1048576K
}
Event: 3.067 GC heap before
{Heap before GC invocations=12 (full 0):
 garbage-first heap   total 258048K, used 162863K [0x0000000704800000, 0x0000000800000000)
  region size 1024K, 48 young (49152K), 1 survivors (1024K)
 Metaspace       used 21695K, capacity 21942K, committed 22144K, reserved 1069056K
  class space    used 2240K, capacity 2363K, committed 2432K, reserved 1048576K
}
Event: 3.073 GC heap after
{Heap after GC invocations=13 (full 0):
 garbage-first heap   total 258048K, used 96331K [0x0000000704800000, 0x0000000800000000)
  region size 1024K, 8 young (8192K), 8 survivors (8192K)
 Metaspace       used 21695K, capacity 21942K, committed 22144K, reserved 1069056K
  class space    used 2240K, capacity 2363K, committed 2432K, reserved 1048576K
}

