# JRE version: Java(TM) SE Runtime Environment 18.9 (11.0.25+9) (build 11.0.25+9-LTS-256)
# Java VM: Java HotSpot(TM) 64-Bit Server VM 18.9 (11.0.25+9-LTS-256, mixed mode, tiered, compressed oops, g1 gc, windows-amd64)
Heap:
 garbage-first heap   total 259072K, used 227072K [0x0000000704800000, 0x0000000800000000)
  region size 1024K, 115 young (117760K), 1 survivors (1024K)
 Metaspace       used 23839K, capacity 24127K, committed 24320K, reserved 1071104K
  class space    used 2354K, capacity 2492K, committed 2560K, reserved 1048576K
GC Heap History (10 events):
Event: 1.938 GC heap before
{Heap before GC invocations=3 (full 0):
 garbage-first heap   total 258048K, used 256682K [0x0000000704800000, 0x0000000800000000)
  region size 1024K, 142 young (145408K), 1 survivors (1024K)
 Metaspace       used 20447K, capacity 20720K, committed 20992K, reserved 1069056K
  class space    used 2097K, capacity 2233K, committed 2304K, reserved 1048576K
}
Event: 1.940 GC heap after
{Heap after GC invocations=4 (full 0):
 garbage-first heap   total 259072K, used 83571K [0x0000000704800000, 0x0000000800000000)
  region size 1024K, 1 young (1024K), 1 survivors (1024K)
 Metaspace       used 20447K, capacity 20720K, committed 20992K, reserved 1069056K
  class space    used 2097K, capacity 2233K, committed 2304K, reserved 1048576K
}
Event: 2.209 GC heap before
{Heap before GC invocations=4 (full 0):
 garbage-first heap   total 259072K, used 188019K [0x0000000704800000, 0x0000000800000000)
  region size 1024K, 72 young (73728K), 1 survivors (1024K)
 Metaspace       used 20448K, capacity 20720K, committed 20992K, reserved 1069056K
  class space    used 2097K, capacity 2233K, committed 2304K, reserved 1048576K
}
Event: 2.210 GC heap after
{Heap after GC invocations=5 (full 0):
 garbage-first heap   total 259072K, used 66157K [0x0000000704800000, 0x0000000800000000)
  region size 1024K, 1 young (1024K), 1 survivors (1024K)
 Metaspace       used 20448K, capacity 20720K, committed 20992K, reserved 1069056K
  class space    used 2097K, capacity 2233K, committed 2304K, reserved 1048576K
}
Event: 2.503 GC heap before
{Heap before GC invocations=6 (full 0):
 garbage-first heap   total 259072K, used 178797K [0x0000000704800000, 0x0000000800000000)
  region size 1024K, 64 young (65536K), 1 survivors (1024K)
 Metaspace       used 20448K, capacity 20720K, committed 20992K, reserved 1069056K
  class space    used 2097K, capacity 2233K, committed 2304K, reserved 1048576K
}
Event: 2.504 GC heap after
{Heap after GC invocations=7 (full 0):
 garbage-first heap   total 259072K, used 86639K [0x0000000704800000, 0x0000000800000000)
  region size 1024K, 1 young (1024K), 1 survivors (1024K)
 Metaspace       used 20448K, capacity 20720K, committed 20992K, reserved 1069056K
  class space    used 2097K, capacity 2233K, committed 2304K, reserved 1048576K
}
Event: 2.680 GC heap before
{Heap before GC invocations=8 (full 0):
 garbage-first heap   total 259072K, used 143983K [0x0000000704800000, 0x0000000800000000)
  region size 1024K, 30 young (30720K), 1 survivors (1024K)
 Metaspace       used 20450K, capacity 20720K, committed 20992K, reserved 1069056K
  class space    used 2097K, capacity 2233K, committed 2304K, reserved 1048576K
}
Event: 2.682 GC heap after
{Heap after GC invocations=9 (full 0):
 garbage-first heap   total 259072K, used 82609K [0x0000000704800000, 0x0000000800000000)
  region size 1024K, 1 young (1024K), 1 survivors (1024K)
 Metaspace       used 20450K, capacity 20720K, committed 20992K, reserved 1069056K
  class space    used 2097K, capacity 2233K, committed 2304K, reserved 1048576K
}
Event: 2.901 GC heap before
{Heap before GC invocations=10 (full 0):
 garbage-first heap   total 259072K, used 157361K [0x0000000704800000, 0x0000000800000000)
  region size 1024K, 43 young (44032K), 1 survivors (1024K)
 Metaspace       used 20461K, capacity 20720K, committed 20992K, reserved 1069056K
  class space    used 2097K, capacity 2233K, committed 2304K, reserved 1048576K
}
Event: 2.903 GC heap after
{Heap after GC invocations=11 (full 0):
 garbage-first heap   total 259072K, used 90880K [0x0000000704800000, 0x0000000800000000)
  region size 1024K, 1 young (1024K), 1 survivors (1024K)
 Metaspace       used 20461K, capacity 20720K, committed 20992K, reserved 1069056K
  class space    used 2097K, capacity 2233K, committed 2304K, reserved 1048576K
}

