# JRE version: Java(TM) SE Runtime Environment 18.9 (11.0.25+9) (build 11.0.25+9-LTS-256)
# Java VM: Java HotSpot(TM) 64-Bit Server VM 18.9 (11.0.25+9-LTS-256, mixed mode, tiered, compressed oops, g1 gc, windows-amd64)
Heap:
 garbage-first heap   total 310272K, used 135240K [0x0000000704800000, 0x0000000800000000)
  region size 1024K, 29 young (29696K), 1 survivors (1024K)
 Metaspace       used 23823K, capacity 24129K, committed 24320K, reserved 1071104K
  class space    used 2356K, capacity 2492K, committed 2560K, reserved 1048576K
GC Heap History (10 events):
Event: 1.397 GC heap before
{Heap before GC invocations=6 (full 0):
 garbage-first heap   total 310272K, used 230204K [0x0000000704800000, 0x0000000800000000)
  region size 1024K, 90 young (92160K), 3 survivors (3072K)
 Metaspace       used 20430K, capacity 20720K, committed 20992K, reserved 1069056K
  class space    used 2100K, capacity 2233K, committed 2304K, reserved 1048576K
}
Event: 1.399 GC heap after
{Heap after GC invocations=7 (full 0):
 garbage-first heap   total 310272K, used 99141K [0x0000000704800000, 0x0000000800000000)
  region size 1024K, 3 young (3072K), 3 survivors (3072K)
 Metaspace       used 20430K, capacity 20720K, committed 20992K, reserved 1069056K
  class space    used 2100K, capacity 2233K, committed 2304K, reserved 1048576K
}
Event: 1.522 GC heap before
{Heap before GC invocations=8 (full 0):
 garbage-first heap   total 310272K, used 193349K [0x0000000704800000, 0x0000000800000000)
  region size 1024K, 54 young (55296K), 3 survivors (3072K)
 Metaspace       used 20445K, capacity 20720K, committed 20992K, reserved 1069056K
  class space    used 2100K, capacity 2233K, committed 2304K, reserved 1048576K
}
Event: 1.524 GC heap after
{Heap after GC invocations=9 (full 0):
 garbage-first heap   total 310272K, used 99409K [0x0000000704800000, 0x0000000800000000)
  region size 1024K, 4 young (4096K), 4 survivors (4096K)
 Metaspace       used 20445K, capacity 20720K, committed 20992K, reserved 1069056K
  class space    used 2100K, capacity 2233K, committed 2304K, reserved 1048576K
}
Event: 14.725 GC heap before
{Heap before GC invocations=10 (full 0):
 garbage-first heap   total 310272K, used 197713K [0x0000000704800000, 0x0000000800000000)
  region size 1024K, 80 young (81920K), 4 survivors (4096K)
 Metaspace       used 23672K, capacity 23993K, committed 24064K, reserved 1071104K
  class space    used 2351K, capacity 2492K, committed 2560K, reserved 1048576K
}
Event: 14.744 GC heap after
{Heap after GC invocations=11 (full 0):
 garbage-first heap   total 310272K, used 106906K [0x0000000704800000, 0x0000000800000000)
  region size 1024K, 10 young (10240K), 10 survivors (10240K)
 Metaspace       used 23672K, capacity 23993K, committed 24064K, reserved 1071104K
  class space    used 2351K, capacity 2492K, committed 2560K, reserved 1048576K
}
Event: 15.010 GC heap before
{Heap before GC invocations=11 (full 0):
 garbage-first heap   total 310272K, used 117146K [0x0000000704800000, 0x0000000800000000)
  region size 1024K, 20 young (20480K), 10 survivors (10240K)
 Metaspace       used 23682K, capacity 23993K, committed 24064K, reserved 1071104K
  class space    used 2351K, capacity 2492K, committed 2560K, reserved 1048576K
}
Event: 15.019 GC heap after
{Heap after GC invocations=12 (full 0):
 garbage-first heap   total 310272K, used 108095K [0x0000000704800000, 0x0000000800000000)
  region size 1024K, 1 young (1024K), 1 survivors (1024K)
 Metaspace       used 23682K, capacity 23993K, committed 24064K, reserved 1071104K
  class space    used 2351K, capacity 2492K, committed 2560K, reserved 1048576K
}
Event: 25.193 GC heap before
{Heap before GC invocations=12 (full 0):
 garbage-first heap   total 310272K, used 169535K [0x0000000704800000, 0x0000000800000000)
  region size 1024K, 61 young (62464K), 1 survivors (1024K)
 Metaspace       used 23798K, capacity 24065K, committed 24320K, reserved 1071104K
  class space    used 2351K, capacity 2492K, committed 2560K, reserved 1048576K
}
Event: 25.195 GC heap after
{Heap after GC invocations=13 (full 0):
 garbage-first heap   total 310272K, used 107592K [0x0000000704800000, 0x0000000800000000)
  region size 1024K, 1 young (1024K), 1 survivors (1024K)
 Metaspace       used 23798K, capacity 24065K, committed 24320K, reserved 1071104K
  class space    used 2351K, capacity 2492K, committed 2560K, reserved 1048576K
}

