# JRE version: Java(TM) SE Runtime Environment 18.9 (11.0.25+9) (build 11.0.25+9-LTS-256)
# Java VM: Java HotSpot(TM) 64-Bit Server VM 18.9 (11.0.25+9-LTS-256, mixed mode, tiered, compressed oops, g1 gc, windows-amd64)
Heap:
 garbage-first heap   total 258048K, used 167742K [0x0000000704800000, 0x0000000800000000)
  region size 1024K, 61 young (62464K), 1 survivors (1024K)
 Metaspace       used 21873K, capacity 22141K, committed 22400K, reserved 1069056K
  class space    used 2237K, capacity 2363K, committed 2432K, reserved 1048576K
GC Heap History (10 events):
Event: 1.537 GC heap before
{Heap before GC invocations=6 (full 0):
 garbage-first heap   total 258048K, used 167578K [0x0000000704800000, 0x0000000800000000)
  region size 1024K, 54 young (55296K), 1 survivors (1024K)
 Metaspace       used 19938K, capacity 20215K, committed 20352K, reserved 1067008K
  class space    used 2048K, capacity 2169K, committed 2176K, reserved 1048576K
}
Event: 1.538 GC heap after
{Heap after GC invocations=7 (full 0):
 garbage-first heap   total 258048K, used 72346K [0x0000000704800000, 0x0000000800000000)
  region size 1024K, 1 young (1024K), 1 survivors (1024K)
 Metaspace       used 19938K, capacity 20215K, committed 20352K, reserved 1067008K
  class space    used 2048K, capacity 2169K, committed 2176K, reserved 1048576K
}
Event: 1.664 GC heap before
{Heap before GC invocations=8 (full 0):
 garbage-first heap   total 258048K, used 167578K [0x0000000704800000, 0x0000000800000000)
  region size 1024K, 55 young (56320K), 1 survivors (1024K)
 Metaspace       used 19938K, capacity 20215K, committed 20352K, reserved 1067008K
  class space    used 2048K, capacity 2169K, committed 2176K, reserved 1048576K
}
Event: 1.665 GC heap after
{Heap after GC invocations=9 (full 0):
 garbage-first heap   total 258048K, used 84641K [0x0000000704800000, 0x0000000800000000)
  region size 1024K, 1 young (1024K), 1 survivors (1024K)
 Metaspace       used 19938K, capacity 20215K, committed 20352K, reserved 1067008K
  class space    used 2048K, capacity 2169K, committed 2176K, reserved 1048576K
}
Event: 1.767 GC heap before
{Heap before GC invocations=10 (full 0):
 garbage-first heap   total 258048K, used 154273K [0x0000000704800000, 0x0000000800000000)
  region size 1024K, 40 young (40960K), 1 survivors (1024K)
 Metaspace       used 19938K, capacity 20215K, committed 20352K, reserved 1067008K
  class space    used 2048K, capacity 2169K, committed 2176K, reserved 1048576K
}
Event: 1.768 GC heap after
{Heap after GC invocations=11 (full 0):
 garbage-first heap   total 258048K, used 92860K [0x0000000704800000, 0x0000000800000000)
  region size 1024K, 1 young (1024K), 1 survivors (1024K)
 Metaspace       used 19938K, capacity 20215K, committed 20352K, reserved 1067008K
  class space    used 2048K, capacity 2169K, committed 2176K, reserved 1048576K
}
Event: 1.822 GC heap before
{Heap before GC invocations=12 (full 0):
 garbage-first heap   total 258048K, used 136892K [0x0000000704800000, 0x0000000800000000)
  region size 1024K, 23 young (23552K), 1 survivors (1024K)
 Metaspace       used 19940K, capacity 20215K, committed 20352K, reserved 1067008K
  class space    used 2048K, capacity 2169K, committed 2176K, reserved 1048576K
}
Event: 1.823 GC heap after
{Heap after GC invocations=13 (full 0):
 garbage-first heap   total 258048K, used 88863K [0x0000000704800000, 0x0000000800000000)
  region size 1024K, 1 young (1024K), 1 survivors (1024K)
 Metaspace       used 19940K, capacity 20215K, committed 20352K, reserved 1067008K
  class space    used 2048K, capacity 2169K, committed 2176K, reserved 1048576K
}
Event: 1.904 GC heap before
{Heap before GC invocations=14 (full 0):
 garbage-first heap   total 258048K, used 152351K [0x0000000704800000, 0x0000000800000000)
  region size 1024K, 38 young (38912K), 1 survivors (1024K)
 Metaspace       used 19940K, capacity 20215K, committed 20352K, reserved 1067008K
  class space    used 2048K, capacity 2169K, committed 2176K, reserved 1048576K
}
Event: 1.905 GC heap after
{Heap after GC invocations=15 (full 0):
 garbage-first heap   total 258048K, used 97086K [0x0000000704800000, 0x0000000800000000)
  region size 1024K, 1 young (1024K), 1 survivors (1024K)
 Metaspace       used 19940K, capacity 20215K, committed 20352K, reserved 1067008K
  class space    used 2048K, capacity 2169K, committed 2176K, reserved 1048576K
}

